Started by user [8mha:////4Ifwpv024LLj89IEeXLEnd4mYwqNeo8zNVz2+fF/rvbPAAAAmR+LCAAAAAAAAP9b85aBtbiIQTGjNKU4P08vOT+vOD8nVc83PyU1x6OyILUoJzMv2y+/JJUBAhiZGBgqihhk0NSjKDWzXb3RdlLBUSYGJk8GtpzUvPSSDB8G5tKinBIGIZ+sxLJE/ZzEvHT94JKizLx0a6BxUmjGOUNodHsLgAzhEgY+/dLi1CL94vRs3WSgOwG41yGxwwAAAA==[0mSvyatoslav Gukovsky
Running as SYSTEM
Собирается удаленно на [8mha:////4PdtS92+/OurnkvWqFtXV0Z8T1ajXYkq5X/CHyUQcT4QAAAAnR+LCAAAAAAAAP9b85aBtbiIQTGjNKU4P08vOT+vOD8nVc83PyU1x6OyILUoJzMv2y+/JJUBAhiZGBgqihhk0NSjKDWzXb3RdlLBUSYGJk8GtpzUvPSSDB8G5tKinBIGIZ+sxLJE/ZzEvHT94JKizLx0a6BxUmjGOUNodHsLgAwOoBn6yfm5BaUlqUX67qG6wTmJZakAxIxQpccAAAA=[0mGU-Slave (chrome x64 win 10) in workspace C:\projects\GU-slave\workspace\Hurt Me Plenty
No credentials specified
Cloning the remote Git repository
Cloning repository https://github.com/vitalliuss/helloci.git
 > C:\Program Files\Git\cmd\git.exe init C:\projects\GU-slave\workspace\Hurt Me Plenty # timeout=10
Fetching upstream changes from https://github.com/vitalliuss/helloci.git
 > C:\Program Files\Git\cmd\git.exe --version # timeout=10
 > C:\Program Files\Git\cmd\git.exe fetch --tags --force --progress -- https://github.com/vitalliuss/helloci.git +refs/heads/*:refs/remotes/origin/* # timeout=10
 > C:\Program Files\Git\cmd\git.exe config remote.origin.url https://github.com/vitalliuss/helloci.git # timeout=10
 > C:\Program Files\Git\cmd\git.exe config --add remote.origin.fetch +refs/heads/*:refs/remotes/origin/* # timeout=10
 > C:\Program Files\Git\cmd\git.exe config remote.origin.url https://github.com/vitalliuss/helloci.git # timeout=10
Fetching upstream changes from https://github.com/vitalliuss/helloci.git
 > C:\Program Files\Git\cmd\git.exe fetch --tags --force --progress -- https://github.com/vitalliuss/helloci.git +refs/heads/*:refs/remotes/origin/* # timeout=10
 > C:\Program Files\Git\cmd\git.exe rev-parse "refs/remotes/origin/master^{commit}" # timeout=10
 > C:\Program Files\Git\cmd\git.exe rev-parse "refs/remotes/origin/origin/master^{commit}" # timeout=10
Checking out Revision 446ae5a4fb9798821be65628da0b587e4e1f04e3 (refs/remotes/origin/master)
 > C:\Program Files\Git\cmd\git.exe config core.sparsecheckout # timeout=10
 > C:\Program Files\Git\cmd\git.exe checkout -f 446ae5a4fb9798821be65628da0b587e4e1f04e3 # timeout=10
Commit message: "mention cobertura issue in README"
First time build. Skipping changelog.
[Hurt Me Plenty] $ cmd.exe /C "C:\apache-maven-3.6.3\bin\mvn.cmd -f Java/pom.xml test && exit %%ERRORLEVEL%%"
[INFO] Scanning for projects...
[INFO] 
[INFO] ---------------< com.github.vitalliuss.helloci:hello-ci >---------------
[INFO] Building hello-ci 1.0-SNAPSHOT
[INFO] --------------------------------[ jar ]---------------------------------
[INFO] 
[8mha:////4BdCT0EMIWWbbUM/TwZnD0f6HQvz6Fn7OEM5vXlKDqHTAAAAYB+LCAAAAAAAAP9b85aBtbiIQSmjNKU4P0+vJLE4u1gvPjexLDVPzxdEGvvmZ+X75ZekLlOVfvTjc8FPJgaGiiIGKaiG5Py84vycVD1nCA1SyAABjCCFBQCV27OjYAAAAA==[0m[INFO] --- maven-resources-plugin:2.6:resources (default-resources) @ hello-ci ---
[8mha:////4IX8jza2i0vdaNP3Es406VZ16mPvQns9ukMhA1jVO3XyAAAAYx+LCAAAAAAAAP9b85aBtbiIQSWjNKU4P0+vJLE4u1gvPjexLDVPzxdEhicW5WXmpfvll6S2fNly5fzGzauYGBgqihikoFqS8/OK83NS9ZwhNEghAwQwghQWAACwxA+XYgAAAA==[0m[WARNING] Using platform encoding (Cp1251 actually) to copy filtered resources, i.e. build is platform dependent!
[INFO] skip non existing resourceDirectory C:\projects\GU-slave\workspace\Hurt Me Plenty\Java\src\main\resources
[INFO] 
[8mha:////4BdCT0EMIWWbbUM/TwZnD0f6HQvz6Fn7OEM5vXlKDqHTAAAAYB+LCAAAAAAAAP9b85aBtbiIQSmjNKU4P0+vJLE4u1gvPjexLDVPzxdEGvvmZ+X75ZekLlOVfvTjc8FPJgaGiiIGKaiG5Py84vycVD1nCA1SyAABjCCFBQCV27OjYAAAAA==[0m[INFO] --- maven-compiler-plugin:3.1:compile (default-compile) @ hello-ci ---
[INFO] Changes detected - recompiling the module!
[8mha:////4IX8jza2i0vdaNP3Es406VZ16mPvQns9ukMhA1jVO3XyAAAAYx+LCAAAAAAAAP9b85aBtbiIQSWjNKU4P0+vJLE4u1gvPjexLDVPzxdEhicW5WXmpfvll6S2fNly5fzGzauYGBgqihikoFqS8/OK83NS9ZwhNEghAwQwghQWAACwxA+XYgAAAA==[0m[WARNING] File encoding has not been set, using platform encoding Cp1251, i.e. build is platform dependent!
[INFO] Compiling 2 source files to C:\projects\GU-slave\workspace\Hurt Me Plenty\Java\target\classes
[INFO] 
[8mha:////4BdCT0EMIWWbbUM/TwZnD0f6HQvz6Fn7OEM5vXlKDqHTAAAAYB+LCAAAAAAAAP9b85aBtbiIQSmjNKU4P0+vJLE4u1gvPjexLDVPzxdEGvvmZ+X75ZekLlOVfvTjc8FPJgaGiiIGKaiG5Py84vycVD1nCA1SyAABjCCFBQCV27OjYAAAAA==[0m[INFO] --- maven-resources-plugin:2.6:testResources (default-testResources) @ hello-ci ---
[8mha:////4IX8jza2i0vdaNP3Es406VZ16mPvQns9ukMhA1jVO3XyAAAAYx+LCAAAAAAAAP9b85aBtbiIQSWjNKU4P0+vJLE4u1gvPjexLDVPzxdEhicW5WXmpfvll6S2fNly5fzGzauYGBgqihikoFqS8/OK83NS9ZwhNEghAwQwghQWAACwxA+XYgAAAA==[0m[WARNING] Using platform encoding (Cp1251 actually) to copy filtered resources, i.e. build is platform dependent!
[INFO] skip non existing resourceDirectory C:\projects\GU-slave\workspace\Hurt Me Plenty\Java\src\test\resources
[INFO] 
[8mha:////4BdCT0EMIWWbbUM/TwZnD0f6HQvz6Fn7OEM5vXlKDqHTAAAAYB+LCAAAAAAAAP9b85aBtbiIQSmjNKU4P0+vJLE4u1gvPjexLDVPzxdEGvvmZ+X75ZekLlOVfvTjc8FPJgaGiiIGKaiG5Py84vycVD1nCA1SyAABjCCFBQCV27OjYAAAAA==[0m[INFO] --- maven-compiler-plugin:3.1:testCompile (default-testCompile) @ hello-ci ---
[INFO] Changes detected - recompiling the module!
[8mha:////4IX8jza2i0vdaNP3Es406VZ16mPvQns9ukMhA1jVO3XyAAAAYx+LCAAAAAAAAP9b85aBtbiIQSWjNKU4P0+vJLE4u1gvPjexLDVPzxdEhicW5WXmpfvll6S2fNly5fzGzauYGBgqihikoFqS8/OK83NS9ZwhNEghAwQwghQWAACwxA+XYgAAAA==[0m[WARNING] File encoding has not been set, using platform encoding Cp1251, i.e. build is platform dependent!
[INFO] Compiling 1 source file to C:\projects\GU-slave\workspace\Hurt Me Plenty\Java\target\test-classes
[INFO] 
[8mha:////4BdCT0EMIWWbbUM/TwZnD0f6HQvz6Fn7OEM5vXlKDqHTAAAAYB+LCAAAAAAAAP9b85aBtbiIQSmjNKU4P0+vJLE4u1gvPjexLDVPzxdEGvvmZ+X75ZekLlOVfvTjc8FPJgaGiiIGKaiG5Py84vycVD1nCA1SyAABjCCFBQCV27OjYAAAAA==[0m[INFO] --- maven-surefire-plugin:3.0.0-M1:test (default-test) @ hello-ci ---
[INFO] 
[INFO] -------------------------------------------------------
[INFO]  T E S T S
[INFO] -------------------------------------------------------
[INFO] Running com.github.vitalliuss.helloci.AppTest
[8mha:////4NktCGfLXJjiMcb2xneM7Qq5Ayw7Nsl3YSubH/RrTNvtAAAAYB+LCAAAAAAAAP9b85aBtbiIQSmjNKU4P0+vJLE4u1gvPjexLDVPzxdEuhYV5Rf55ZekOlc7RKnPKH7IxMBQUcQgBdWQnJ9XnJ+TqucMoUEKGSCAEaSwAACsNFCqYAAAAA==[0m[ERROR] Tests run: 5, Failures: 1, Errors: 0, Skipped: 1, Time elapsed: 0.263 s <<< FAILURE! - in com.github.vitalliuss.helloci.AppTest
[8mha:////4NktCGfLXJjiMcb2xneM7Qq5Ayw7Nsl3YSubH/RrTNvtAAAAYB+LCAAAAAAAAP9b85aBtbiIQSmjNKU4P0+vJLE4u1gvPjexLDVPzxdEuhYV5Rf55ZekOlc7RKnPKH7IxMBQUcQgBdWQnJ9XnJ+TqucMoUEKGSCAEaSwAACsNFCqYAAAAA==[0m[ERROR] testShouldBeFailed(com.github.vitalliuss.helloci.AppTest)  Time elapsed: 0.049 s  <<< FAILURE!
java.lang.AssertionError
	at com.github.vitalliuss.helloci.AppTest.testShouldBeFailed(AppTest.java:21)

[INFO] 
[INFO] Results:
[INFO] 
[8mha:////4NktCGfLXJjiMcb2xneM7Qq5Ayw7Nsl3YSubH/RrTNvtAAAAYB+LCAAAAAAAAP9b85aBtbiIQSmjNKU4P0+vJLE4u1gvPjexLDVPzxdEuhYV5Rf55ZekOlc7RKnPKH7IxMBQUcQgBdWQnJ9XnJ+TqucMoUEKGSCAEaSwAACsNFCqYAAAAA==[0m[ERROR] Failures: 
[8mha:////4NktCGfLXJjiMcb2xneM7Qq5Ayw7Nsl3YSubH/RrTNvtAAAAYB+LCAAAAAAAAP9b85aBtbiIQSmjNKU4P0+vJLE4u1gvPjexLDVPzxdEuhYV5Rf55ZekOlc7RKnPKH7IxMBQUcQgBdWQnJ9XnJ+TqucMoUEKGSCAEaSwAACsNFCqYAAAAA==[0m[ERROR]   AppTest.testShouldBeFailed:21
[INFO] 
[8mha:////4NktCGfLXJjiMcb2xneM7Qq5Ayw7Nsl3YSubH/RrTNvtAAAAYB+LCAAAAAAAAP9b85aBtbiIQSmjNKU4P0+vJLE4u1gvPjexLDVPzxdEuhYV5Rf55ZekOlc7RKnPKH7IxMBQUcQgBdWQnJ9XnJ+TqucMoUEKGSCAEaSwAACsNFCqYAAAAA==[0m[ERROR] Tests run: 5, Failures: 1, Errors: 0, Skipped: 1
[INFO] 
[INFO] ------------------------------------------------------------------------
[INFO] BUILD FAILURE
[INFO] ------------------------------------------------------------------------
[INFO] Total time:  27.269 s
[INFO] Finished at: 2020-07-15T19:04:38+03:00
[INFO] ------------------------------------------------------------------------
[8mha:////4NktCGfLXJjiMcb2xneM7Qq5Ayw7Nsl3YSubH/RrTNvtAAAAYB+LCAAAAAAAAP9b85aBtbiIQSmjNKU4P0+vJLE4u1gvPjexLDVPzxdEuhYV5Rf55ZekOlc7RKnPKH7IxMBQUcQgBdWQnJ9XnJ+TqucMoUEKGSCAEaSwAACsNFCqYAAAAA==[0m[ERROR] Failed to execute goal org.apache.maven.plugins:maven-surefire-plugin:3.0.0-M1:test (default-test) on project hello-ci: There are test failures.
[8mha:////4NktCGfLXJjiMcb2xneM7Qq5Ayw7Nsl3YSubH/RrTNvtAAAAYB+LCAAAAAAAAP9b85aBtbiIQSmjNKU4P0+vJLE4u1gvPjexLDVPzxdEuhYV5Rf55ZekOlc7RKnPKH7IxMBQUcQgBdWQnJ9XnJ+TqucMoUEKGSCAEaSwAACsNFCqYAAAAA==[0m[ERROR] 
[8mha:////4NktCGfLXJjiMcb2xneM7Qq5Ayw7Nsl3YSubH/RrTNvtAAAAYB+LCAAAAAAAAP9b85aBtbiIQSmjNKU4P0+vJLE4u1gvPjexLDVPzxdEuhYV5Rf55ZekOlc7RKnPKH7IxMBQUcQgBdWQnJ9XnJ+TqucMoUEKGSCAEaSwAACsNFCqYAAAAA==[0m[ERROR] Please refer to C:\projects\GU-slave\workspace\Hurt Me Plenty\Java\target\surefire-reports for the individual test results.
[8mha:////4NktCGfLXJjiMcb2xneM7Qq5Ayw7Nsl3YSubH/RrTNvtAAAAYB+LCAAAAAAAAP9b85aBtbiIQSmjNKU4P0+vJLE4u1gvPjexLDVPzxdEuhYV5Rf55ZekOlc7RKnPKH7IxMBQUcQgBdWQnJ9XnJ+TqucMoUEKGSCAEaSwAACsNFCqYAAAAA==[0m[ERROR] Please refer to dump files (if any exist) [date].dump, [date]-jvmRun[N].dump and [date].dumpstream.
[8mha:////4NktCGfLXJjiMcb2xneM7Qq5Ayw7Nsl3YSubH/RrTNvtAAAAYB+LCAAAAAAAAP9b85aBtbiIQSmjNKU4P0+vJLE4u1gvPjexLDVPzxdEuhYV5Rf55ZekOlc7RKnPKH7IxMBQUcQgBdWQnJ9XnJ+TqucMoUEKGSCAEaSwAACsNFCqYAAAAA==[0m[ERROR] -> [Help 1]
[8mha:////4NktCGfLXJjiMcb2xneM7Qq5Ayw7Nsl3YSubH/RrTNvtAAAAYB+LCAAAAAAAAP9b85aBtbiIQSmjNKU4P0+vJLE4u1gvPjexLDVPzxdEuhYV5Rf55ZekOlc7RKnPKH7IxMBQUcQgBdWQnJ9XnJ+TqucMoUEKGSCAEaSwAACsNFCqYAAAAA==[0m[ERROR] 
[8mha:////4NktCGfLXJjiMcb2xneM7Qq5Ayw7Nsl3YSubH/RrTNvtAAAAYB+LCAAAAAAAAP9b85aBtbiIQSmjNKU4P0+vJLE4u1gvPjexLDVPzxdEuhYV5Rf55ZekOlc7RKnPKH7IxMBQUcQgBdWQnJ9XnJ+TqucMoUEKGSCAEaSwAACsNFCqYAAAAA==[0m[ERROR] To see the full stack trace of the errors, re-run Maven with the -e switch.
[8mha:////4NktCGfLXJjiMcb2xneM7Qq5Ayw7Nsl3YSubH/RrTNvtAAAAYB+LCAAAAAAAAP9b85aBtbiIQSmjNKU4P0+vJLE4u1gvPjexLDVPzxdEuhYV5Rf55ZekOlc7RKnPKH7IxMBQUcQgBdWQnJ9XnJ+TqucMoUEKGSCAEaSwAACsNFCqYAAAAA==[0m[ERROR] Re-run Maven using the -X switch to enable full debug logging.
[8mha:////4NktCGfLXJjiMcb2xneM7Qq5Ayw7Nsl3YSubH/RrTNvtAAAAYB+LCAAAAAAAAP9b85aBtbiIQSmjNKU4P0+vJLE4u1gvPjexLDVPzxdEuhYV5Rf55ZekOlc7RKnPKH7IxMBQUcQgBdWQnJ9XnJ+TqucMoUEKGSCAEaSwAACsNFCqYAAAAA==[0m[ERROR] 
[8mha:////4NktCGfLXJjiMcb2xneM7Qq5Ayw7Nsl3YSubH/RrTNvtAAAAYB+LCAAAAAAAAP9b85aBtbiIQSmjNKU4P0+vJLE4u1gvPjexLDVPzxdEuhYV5Rf55ZekOlc7RKnPKH7IxMBQUcQgBdWQnJ9XnJ+TqucMoUEKGSCAEaSwAACsNFCqYAAAAA==[0m[ERROR] For more information about the errors and possible solutions, please read the following articles:
[8mha:////4NktCGfLXJjiMcb2xneM7Qq5Ayw7Nsl3YSubH/RrTNvtAAAAYB+LCAAAAAAAAP9b85aBtbiIQSmjNKU4P0+vJLE4u1gvPjexLDVPzxdEuhYV5Rf55ZekOlc7RKnPKH7IxMBQUcQgBdWQnJ9XnJ+TqucMoUEKGSCAEaSwAACsNFCqYAAAAA==[0m[ERROR] [Help 1] http://cwiki.apache.org/confluence/display/MAVEN/MojoFailureException
Build step 'Вызвать цели Maven верхнего уровня  ' marked build as failure
Archiving artifacts
Finished: FAILURE
